<?xml version="1.0" encoding="UTF-8"?>
<!-- Generated by org.testng.reporters.JUnitReportReporter -->
<testsuite hostname="LAPTOP-BO7T4716" failures="0" tests="1" name="Package_ZEMIS.TestPageTestandquizTest" time="0.009" errors="0" timestamp="2021-04-05T18:23:37 CEST" skipped="0">
  <testcase classname="Package_ZEMIS.TestPageTestandquizTest" name="f" time="0.009"/>
  <system-out/>
</testsuite> <!-- Package_ZEMIS.TestPageTestandquizTest -->
